<?xml version="1.0" encoding="UTF-8" ?>
<testsuite tests="5" failures="0" name="BDBugsTest" time="0.31" errors="0" skipped="0">
  <properties>
[...]
</properties>
  <testcase classname="BDBugsTest" name="testFindNoExist" time="0.13"/>
  <testcase classname="BDBugsTest" name="testGetChild" time="0.052"/>
  <testcase classname="BDBugsTest" name="testGetBugs" time="0.039"/>
  <testcase classname="BDBugsTest" name="testCheckStatus" time="0.048"/>
  <testcase classname="BDBugsTest" name="testFindExist" time="0.041"/>
</testsuite>